[2024-01-30T13:48:49.296+0000] {taskinstance.py:1956} INFO - Dependencies all met for dep_context=non-requeueable deps ti=<TaskInstance: manage_data_lake_dag.dataproc_job_raw_to_formatted manual__2024-01-30T13:48:44.656494+00:00 [queued]>
[2024-01-30T13:48:49.303+0000] {taskinstance.py:1956} INFO - Dependencies all met for dep_context=requeueable deps ti=<TaskInstance: manage_data_lake_dag.dataproc_job_raw_to_formatted manual__2024-01-30T13:48:44.656494+00:00 [queued]>
[2024-01-30T13:48:49.303+0000] {taskinstance.py:2170} INFO - Starting attempt 1 of 6
[2024-01-30T13:48:49.320+0000] {taskinstance.py:2191} INFO - Executing <Task(DataprocSubmitJobOperator): dataproc_job_raw_to_formatted> on 2024-01-30 13:48:44.656494+00:00
[2024-01-30T13:48:49.326+0000] {standard_task_runner.py:60} INFO - Started process 40261 to run task
[2024-01-30T13:48:49.332+0000] {standard_task_runner.py:87} INFO - Running: ['airflow', 'tasks', 'run', 'manage_data_lake_dag', 'dataproc_job_raw_to_formatted', 'manual__2024-01-30T13:48:44.656494+00:00', '--job-id', '228', '--raw', '--subdir', 'DAGS_FOLDER/data_lake_dag.py', '--cfg-path', '/tmp/tmprihmhg_8']
[2024-01-30T13:48:49.335+0000] {standard_task_runner.py:88} INFO - Job 228: Subtask dataproc_job_raw_to_formatted
[2024-01-30T13:48:49.381+0000] {task_command.py:423} INFO - Running <TaskInstance: manage_data_lake_dag.dataproc_job_raw_to_formatted manual__2024-01-30T13:48:44.656494+00:00 [running]> on host instance-1.europe-west9-a.c.data-lake-project-409321.internal
[2024-01-30T13:48:49.451+0000] {taskinstance.py:2480} INFO - Exporting env vars: AIRFLOW_CTX_DAG_OWNER='juniortemgoua0' AIRFLOW_CTX_DAG_ID='manage_data_lake_dag' AIRFLOW_CTX_TASK_ID='dataproc_job_raw_to_formatted' AIRFLOW_CTX_EXECUTION_DATE='2024-01-30T13:48:44.656494+00:00' AIRFLOW_CTX_TRY_NUMBER='1' AIRFLOW_CTX_DAG_RUN_ID='manual__2024-01-30T13:48:44.656494+00:00'
[2024-01-30T13:48:49.454+0000] {dataproc.py:2317} INFO - Submitting job
[2024-01-30T13:48:49.459+0000] {connection.py:234} WARNING - Connection schemes (type: google_cloud_platform) shall not contain '_' according to RFC3986.
[2024-01-30T13:48:49.464+0000] {base.py:83} INFO - Using connection ID 'google_cloud_default' for task execution.
[2024-01-30T13:48:49.654+0000] {taskinstance.py:2698} ERROR - Task failed with exception
Traceback (most recent call last):
  File "/home/juniortemgoua0/DataLake/venv/lib/python3.8/site-packages/google/api_core/grpc_helpers.py", line 79, in error_remapped_callable
    return callable_(*args, **kwargs)
  File "/home/juniortemgoua0/DataLake/venv/lib/python3.8/site-packages/grpc/_channel.py", line 1160, in __call__
    return _end_unary_response_blocking(state, call, False, None)
  File "/home/juniortemgoua0/DataLake/venv/lib/python3.8/site-packages/grpc/_channel.py", line 1003, in _end_unary_response_blocking
    raise _InactiveRpcError(state)  # pytype: disable=not-instantiable
grpc._channel._InactiveRpcError: <_InactiveRpcError of RPC that terminated with:
	status = StatusCode.FAILED_PRECONDITION
	details = "Unable to submit job, cluster 'cluster-f499' is in state STARTING and cannot accept jobs."
	debug_error_string = "UNKNOWN:Error received from peer ipv4:142.250.179.106:443 {created_time:"2024-01-30T13:48:49.653271746+00:00", grpc_status:9, grpc_message:"Unable to submit job, cluster \'cluster-f499\' is in state STARTING and cannot accept jobs."}"
>

The above exception was the direct cause of the following exception:

Traceback (most recent call last):
  File "/home/juniortemgoua0/DataLake/venv/lib/python3.8/site-packages/airflow/models/taskinstance.py", line 433, in _execute_task
    result = execute_callable(context=context, **execute_callable_kwargs)
  File "/home/juniortemgoua0/DataLake/venv/lib/python3.8/site-packages/airflow/providers/google/cloud/operators/dataproc.py", line 2319, in execute
    job_object = self.hook.submit_job(
  File "/home/juniortemgoua0/DataLake/venv/lib/python3.8/site-packages/airflow/providers/google/common/hooks/base_google.py", line 482, in inner_wrapper
    return func(self, *args, **kwargs)
  File "/home/juniortemgoua0/DataLake/venv/lib/python3.8/site-packages/airflow/providers/google/cloud/hooks/dataproc.py", line 807, in submit_job
    return client.submit_job(
  File "/home/juniortemgoua0/DataLake/venv/lib/python3.8/site-packages/google/cloud/dataproc_v1/services/job_controller/client.py", line 547, in submit_job
    response = rpc(
  File "/home/juniortemgoua0/DataLake/venv/lib/python3.8/site-packages/google/api_core/gapic_v1/method.py", line 131, in __call__
    return wrapped_func(*args, **kwargs)
  File "/home/juniortemgoua0/DataLake/venv/lib/python3.8/site-packages/google/api_core/retry.py", line 372, in retry_wrapped_func
    return retry_target(
  File "/home/juniortemgoua0/DataLake/venv/lib/python3.8/site-packages/google/api_core/retry.py", line 207, in retry_target
    result = target()
  File "/home/juniortemgoua0/DataLake/venv/lib/python3.8/site-packages/google/api_core/grpc_helpers.py", line 81, in error_remapped_callable
    raise exceptions.from_grpc_error(exc) from exc
google.api_core.exceptions.FailedPrecondition: 400 Unable to submit job, cluster 'cluster-f499' is in state STARTING and cannot accept jobs.
[2024-01-30T13:48:49.661+0000] {taskinstance.py:1138} INFO - Marking task as UP_FOR_RETRY. dag_id=manage_data_lake_dag, task_id=dataproc_job_raw_to_formatted, execution_date=20240130T134844, start_date=20240130T134849, end_date=20240130T134849
[2024-01-30T13:48:49.675+0000] {standard_task_runner.py:107} ERROR - Failed to execute job 228 for task dataproc_job_raw_to_formatted (400 Unable to submit job, cluster 'cluster-f499' is in state STARTING and cannot accept jobs.; 40261)
[2024-01-30T13:48:49.705+0000] {local_task_job_runner.py:234} INFO - Task exited with return code 1
[2024-01-30T13:48:49.721+0000] {taskinstance.py:3280} INFO - 0 downstream tasks scheduled from follow-on schedule check
